<?xml version="1.0" encoding="UTF-8"?>
<testng-results ignored="1" total="2" passed="1" failed="0" skipped="0">
  <reporter-output>
  </reporter-output>
  <suite started-at="2022-10-26T10:35:38 IST" name="Default suite" finished-at="2022-10-26T10:36:30 IST" duration-ms="51688">
    <groups>
    </groups>
    <test started-at="2022-10-26T10:35:38 IST" name="Default test" finished-at="2022-10-26T10:36:30 IST" duration-ms="51688">
      <class name="testScrpt.BorrowTestCase">
        <test-method is-config="true" signature="setUp()[pri:0, instance:testScrpt.BorrowTestCase@17d88132]" started-at="2022-10-26T10:35:38 IST" name="setUp" finished-at="2022-10-26T10:36:23 IST" duration-ms="44360" status="PASS">
          <reporter-output>
          </reporter-output>
        </test-method> <!-- setUp -->
        <test-method is-config="true" signature="setReport(java.lang.reflect.Method)[pri:0, instance:testScrpt.BorrowTestCase@17d88132]" started-at="2022-10-26T10:36:23 IST" name="setReport" finished-at="2022-10-26T10:36:23 IST" duration-ms="13" status="PASS">
          <params>
            <param index="0">
              <value>
                <![CDATA[public void testScrpt.BorrowTestCase.TC001()]]>
              </value>
            </param>
          </params>
          <reporter-output>
          </reporter-output>
        </test-method> <!-- setReport -->
        <test-method signature="TC001()[pri:0, instance:testScrpt.BorrowTestCase@17d88132]" started-at="2022-10-26T10:36:23 IST" name="TC001" finished-at="2022-10-26T10:36:29 IST" duration-ms="6460" status="PASS">
          <reporter-output>
          </reporter-output>
        </test-method> <!-- TC001 -->
        <test-method is-config="true" signature="flushReport()[pri:0, instance:testScrpt.BorrowTestCase@17d88132]" started-at="2022-10-26T10:36:29 IST" name="flushReport" finished-at="2022-10-26T10:36:30 IST" duration-ms="766" status="PASS">
          <reporter-output>
          </reporter-output>
        </test-method> <!-- flushReport -->
      </class> <!-- testScrpt.BorrowTestCase -->
    </test> <!-- Default test -->
  </suite> <!-- Default suite -->
</testng-results>
